<?xml version="1.0" encoding="UTF-8"?>
<robot generator="Robot 5.0.1 (Python 3.10.6 on win32)" generated="20220904 15:47:29.356" rpa="false" schemaversion="3">
<suite id="s1" name="Amazon Testes" source="C:\ProjetosCursosUdemy\RobotFramework\Web Testing\amazon_testes.robot">
<test id="s1-t1" name="Caso de teste #1 - Acesso ao menu &quot;Eletrônicos&quot;" line="8">
<kw name="Abrir o navegador" library="amazon_resources" type="SETUP">
<kw name="Open Browser" library="SeleniumLibrary">
<arg>browser=Chrome</arg>
<doc>Opens a new browser instance to the optional ``url``.</doc>
<msg timestamp="20220904 15:47:29.576" level="INFO">Opening browser 'Chrome' to base url 'None'.</msg>
<status status="PASS" starttime="20220904 15:47:29.576" endtime="20220904 15:47:30.699"/>
</kw>
<kw name="Maximize Browser Window" library="SeleniumLibrary">
<doc>Maximizes current browser window.</doc>
<status status="PASS" starttime="20220904 15:47:30.699" endtime="20220904 15:47:30.827"/>
</kw>
<status status="PASS" starttime="20220904 15:47:29.576" endtime="20220904 15:47:30.828"/>
</kw>
<kw name="Acessar a home page do site Amazon.com.br" library="amazon_resources">
<kw name="Go To" library="SeleniumLibrary">
<arg>url=${URL}</arg>
<doc>Navigates the current browser window to the provided ``url``.</doc>
<msg timestamp="20220904 15:47:30.829" level="INFO">Opening url 'https://www.amazon.com.br/'</msg>
<status status="PASS" starttime="20220904 15:47:30.828" endtime="20220904 15:47:33.140"/>
</kw>
<kw name="Wait Until Element Is Visible" library="SeleniumLibrary">
<arg>locator=${MENU_PRINCIPAL}</arg>
<doc>Waits until the element ``locator`` is visible.</doc>
<status status="PASS" starttime="20220904 15:47:33.140" endtime="20220904 15:47:33.173"/>
</kw>
<status status="PASS" starttime="20220904 15:47:30.828" endtime="20220904 15:47:33.173"/>
</kw>
<kw name="Verificar se o título da página fica &quot;Amazon.com.br | Tudo pra você, de A a Z.&quot;" library="amazon_resources" sourcename="Verificar se o título da página fica &quot;${TITULO}&quot;">
<kw name="Title Should Be" library="SeleniumLibrary">
<arg>title=${TITULO}</arg>
<doc>Verifies that the current page title equals ``title``.</doc>
<msg timestamp="20220904 15:47:33.178" level="INFO">Page title is 'Amazon.com.br | Tudo pra você, de A a Z.'.</msg>
<status status="PASS" starttime="20220904 15:47:33.174" endtime="20220904 15:47:33.178"/>
</kw>
<status status="PASS" starttime="20220904 15:47:33.174" endtime="20220904 15:47:33.178"/>
</kw>
<kw name="Entrar no menu &quot;Eletrônicos&quot;" library="amazon_resources">
<kw name="Click Element" library="SeleniumLibrary">
<arg>locator=${MENU_PRINCIPAL}</arg>
<doc>Click the element identified by ``locator``.</doc>
<msg timestamp="20220904 15:47:33.179" level="INFO">Clicking element 'id:nav-hamburger-menu'.</msg>
<status status="PASS" starttime="20220904 15:47:33.179" endtime="20220904 15:47:33.250"/>
</kw>
<kw name="Element Should Be Enabled" library="SeleniumLibrary">
<arg>(//a[@class='hmenu-item hmenu-compressed-btn'][contains(.,'ver tudo')])[1]</arg>
<doc>Verifies that element identified by ``locator`` is enabled.</doc>
<msg timestamp="20220904 15:47:33.563" level="INFO" html="true">&lt;/td&gt;&lt;/tr&gt;&lt;tr&gt;&lt;td colspan="3"&gt;&lt;a href="selenium-screenshot-1.png"&gt;&lt;img src="selenium-screenshot-1.png" width="800px"&gt;&lt;/a&gt;</msg>
<msg timestamp="20220904 15:47:33.564" level="FAIL">Element with locator '(//a[@class='hmenu-item hmenu-compressed-btn'][contains(.,'ver tudo')])[1]' not found.</msg>
<status status="FAIL" starttime="20220904 15:47:33.250" endtime="20220904 15:47:33.565"/>
</kw>
<kw name="Click Element" library="SeleniumLibrary">
<arg>(//a[@class='hmenu-item hmenu-compressed-btn'][contains(.,'ver tudo')])[1]</arg>
<doc>Click the element identified by ``locator``.</doc>
<status status="NOT RUN" starttime="20220904 15:47:33.566" endtime="20220904 15:47:33.566"/>
</kw>
<kw name="Element Should Be Enabled" library="SeleniumLibrary">
<arg>//a[@class='hmenu-item'][contains(.,'Eletrônicos, TV e Áudio')]</arg>
<doc>Verifies that element identified by ``locator`` is enabled.</doc>
<status status="NOT RUN" starttime="20220904 15:47:33.566" endtime="20220904 15:47:33.566"/>
</kw>
<kw name="Click Element" library="SeleniumLibrary">
<arg>//a[@class='hmenu-item'][contains(.,'Eletrônicos, TV e Áudio')]</arg>
<doc>Click the element identified by ``locator``.</doc>
<status status="NOT RUN" starttime="20220904 15:47:33.566" endtime="20220904 15:47:33.566"/>
</kw>
<kw name="Element Should Be Enabled" library="SeleniumLibrary">
<arg>//a[contains(.,'Tudo em Eletrônicos')]</arg>
<doc>Verifies that element identified by ``locator`` is enabled.</doc>
<status status="NOT RUN" starttime="20220904 15:47:33.566" endtime="20220904 15:47:33.566"/>
</kw>
<kw name="Click Element" library="SeleniumLibrary">
<arg>//a[contains(.,'Tudo em Eletrônicos')]</arg>
<doc>Click the element identified by ``locator``.</doc>
<status status="NOT RUN" starttime="20220904 15:47:33.566" endtime="20220904 15:47:33.566"/>
</kw>
<status status="FAIL" starttime="20220904 15:47:33.179" endtime="20220904 15:47:33.567"/>
</kw>
<kw name="Verificar se aparece a frase &quot;Eletrônicos e Tecnologia&quot;" library="amazon_resources" sourcename="Verificar se aparece a frase &quot;${FRASE}&quot;">
<status status="NOT RUN" starttime="20220904 15:47:33.567" endtime="20220904 15:47:33.568"/>
</kw>
<kw name="Verificar se o título da página fica &quot;Eletrônicos e Tecnologia | Amazon.com.br&quot;" library="amazon_resources" sourcename="Verificar se o título da página fica &quot;${TITULO}&quot;">
<status status="NOT RUN" starttime="20220904 15:47:33.568" endtime="20220904 15:47:33.568"/>
</kw>
<kw name="Verificar se aparece a categoria &quot;Computadores e Informática&quot;" library="amazon_resources" sourcename="Verificar se aparece a categoria &quot;${NOME_CATEGORIA}&quot;">
<status status="NOT RUN" starttime="20220904 15:47:33.568" endtime="20220904 15:47:33.568"/>
</kw>
<kw name="Verificar se aparece a categoria &quot;Tablets&quot;" library="amazon_resources" sourcename="Verificar se aparece a categoria &quot;${NOME_CATEGORIA}&quot;">
<status status="NOT RUN" starttime="20220904 15:47:33.569" endtime="20220904 15:47:33.569"/>
</kw>
<kw name="Fechar o navegador" library="amazon_resources" type="TEARDOWN">
<kw name="Capture Page Screenshot" library="SeleniumLibrary">
<doc>Takes a screenshot of the current page and embeds it into a log file.</doc>
<msg timestamp="20220904 15:47:33.902" level="INFO" html="true">&lt;/td&gt;&lt;/tr&gt;&lt;tr&gt;&lt;td colspan="3"&gt;&lt;a href="selenium-screenshot-2.png"&gt;&lt;img src="selenium-screenshot-2.png" width="800px"&gt;&lt;/a&gt;</msg>
<status status="PASS" starttime="20220904 15:47:33.570" endtime="20220904 15:47:33.903"/>
</kw>
<kw name="Close Browser" library="SeleniumLibrary">
<doc>Closes the current browser.</doc>
<status status="PASS" starttime="20220904 15:47:33.903" endtime="20220904 15:47:35.988"/>
</kw>
<status status="PASS" starttime="20220904 15:47:33.569" endtime="20220904 15:47:35.988"/>
</kw>
<doc>Esse teste verifica o menu eletrônicos da Amazon.com.br
e verifica a categoria Computadores e Informática</doc>
<tag>categorias</tag>
<tag>menus</tag>
<status status="FAIL" starttime="20220904 15:47:29.575" endtime="20220904 15:47:35.988">Element with locator '(//a[@class='hmenu-item hmenu-compressed-btn'][contains(.,'ver tudo')])[1]' not found.</status>
</test>
<test id="s1-t2" name=" Caso de testes #2 - Pesquisa de Produto" line="21">
<kw name="Abrir o navegador" library="amazon_resources" type="SETUP">
<kw name="Open Browser" library="SeleniumLibrary">
<arg>browser=Chrome</arg>
<doc>Opens a new browser instance to the optional ``url``.</doc>
<msg timestamp="20220904 15:47:35.991" level="INFO">Opening browser 'Chrome' to base url 'None'.</msg>
<status status="PASS" starttime="20220904 15:47:35.991" endtime="20220904 15:47:37.134"/>
</kw>
<kw name="Maximize Browser Window" library="SeleniumLibrary">
<doc>Maximizes current browser window.</doc>
<status status="PASS" starttime="20220904 15:47:37.134" endtime="20220904 15:47:37.263"/>
</kw>
<status status="PASS" starttime="20220904 15:47:35.991" endtime="20220904 15:47:37.263"/>
</kw>
<kw name="Acessar a home page do site Amazon.com.br" library="amazon_resources">
<kw name="Go To" library="SeleniumLibrary">
<arg>url=${URL}</arg>
<doc>Navigates the current browser window to the provided ``url``.</doc>
<msg timestamp="20220904 15:47:37.264" level="INFO">Opening url 'https://www.amazon.com.br/'</msg>
<status status="PASS" starttime="20220904 15:47:37.264" endtime="20220904 15:47:39.319"/>
</kw>
<kw name="Wait Until Element Is Visible" library="SeleniumLibrary">
<arg>locator=${MENU_PRINCIPAL}</arg>
<doc>Waits until the element ``locator`` is visible.</doc>
<status status="PASS" starttime="20220904 15:47:39.319" endtime="20220904 15:47:39.345"/>
</kw>
<status status="PASS" starttime="20220904 15:47:37.263" endtime="20220904 15:47:39.345"/>
</kw>
<kw name="Digitar o nome de produto &quot;Xbox Series S&quot; no campo de pesquisa" library="amazon_resources" sourcename="Digitar o nome de produto &quot;${PRODUTO}&quot; no campo de pesquisa">
<kw name="Wait Until Element Is Enabled" library="SeleniumLibrary">
<arg>locator=${SEARCH_BAR}</arg>
<doc>Waits until the element ``locator`` is enabled.</doc>
<status status="PASS" starttime="20220904 15:47:39.346" endtime="20220904 15:47:39.371"/>
</kw>
<kw name="Input Text" library="SeleniumLibrary">
<arg>locator=${SEARCH_BAR}</arg>
<arg>text=${PRODUTO}</arg>
<doc>Types the given ``text`` into the text field identified by ``locator``.</doc>
<msg timestamp="20220904 15:47:39.372" level="INFO">Typing text 'Xbox Series S' into text field 'id:twotabsearchtextbox'.</msg>
<status status="PASS" starttime="20220904 15:47:39.371" endtime="20220904 15:47:39.520"/>
</kw>
<status status="PASS" starttime="20220904 15:47:39.346" endtime="20220904 15:47:39.520"/>
</kw>
<kw name="Clicar no botão de pesquisa" library="amazon_resources">
<kw name="Element Should Be Enabled" library="SeleniumLibrary">
<arg>locator=${SUBMIT_SEARCH}</arg>
<doc>Verifies that element identified by ``locator`` is enabled.</doc>
<status status="PASS" starttime="20220904 15:47:39.521" endtime="20220904 15:47:39.551"/>
</kw>
<kw name="Click Element" library="SeleniumLibrary">
<arg>locator=${SUBMIT_SEARCH}</arg>
<doc>Click the element identified by ``locator``.</doc>
<msg timestamp="20220904 15:47:39.551" level="INFO">Clicking element 'id:nav-search-submit-button'.</msg>
<status status="PASS" starttime="20220904 15:47:39.551" endtime="20220904 15:47:39.636"/>
</kw>
<status status="PASS" starttime="20220904 15:47:39.521" endtime="20220904 15:47:39.636"/>
</kw>
<kw name="Verificar o resultado da pesquisa, se listando o &quot;Xbox Series S&quot; pesquisado" library="amazon_resources" sourcename="Verificar o resultado da pesquisa, se listando o &quot;${PRODUTO}&quot; pesquisado">
<kw name="Wait Until Page Contains" library="SeleniumLibrary">
<arg>text=${PRODUTO}</arg>
<doc>Waits until ``text`` appears on the current page.</doc>
<status status="PASS" starttime="20220904 15:47:39.637" endtime="20220904 15:47:40.099"/>
</kw>
<kw name="Page Should Contain" library="SeleniumLibrary">
<arg>text=${PRODUTO}</arg>
<doc>Verifies that current page contains ``text``.</doc>
<msg timestamp="20220904 15:47:40.108" level="INFO">Current page contains text 'Xbox Series S'.</msg>
<status status="PASS" starttime="20220904 15:47:40.100" endtime="20220904 15:47:40.108"/>
</kw>
<status status="PASS" starttime="20220904 15:47:39.637" endtime="20220904 15:47:40.108"/>
</kw>
<kw name="Fechar o navegador" library="amazon_resources" type="TEARDOWN">
<kw name="Capture Page Screenshot" library="SeleniumLibrary">
<doc>Takes a screenshot of the current page and embeds it into a log file.</doc>
<msg timestamp="20220904 15:47:40.360" level="INFO" html="true">&lt;/td&gt;&lt;/tr&gt;&lt;tr&gt;&lt;td colspan="3"&gt;&lt;a href="selenium-screenshot-3.png"&gt;&lt;img src="selenium-screenshot-3.png" width="800px"&gt;&lt;/a&gt;</msg>
<status status="PASS" starttime="20220904 15:47:40.109" endtime="20220904 15:47:40.360"/>
</kw>
<kw name="Close Browser" library="SeleniumLibrary">
<doc>Closes the current browser.</doc>
<status status="PASS" starttime="20220904 15:47:40.360" endtime="20220904 15:47:42.455"/>
</kw>
<status status="PASS" starttime="20220904 15:47:40.109" endtime="20220904 15:47:42.456"/>
</kw>
<doc>Esse teste verifica a busca de um produto</doc>
<tag>busca_produtos</tag>
<tag>lista_busca</tag>
<status status="PASS" starttime="20220904 15:47:35.990" endtime="20220904 15:47:42.456"/>
</test>
<doc>Essa suite testa o site da Amazon.com.br</doc>
<status status="FAIL" starttime="20220904 15:47:29.358" endtime="20220904 15:47:42.459"/>
</suite>
<statistics>
<total>
<stat pass="1" fail="1" skip="0">All Tests</stat>
</total>
<tag>
<stat pass="1" fail="0" skip="0">busca_produtos</stat>
<stat pass="0" fail="1" skip="0">categorias</stat>
<stat pass="1" fail="0" skip="0">lista_busca</stat>
<stat pass="0" fail="1" skip="0">menus</stat>
</tag>
<suite>
<stat pass="1" fail="1" skip="0" id="s1" name="Amazon Testes">Amazon Testes</stat>
</suite>
</statistics>
<errors>
</errors>
</robot>
