<?xml version="1.0" encoding="UTF-8"?>
<robot generator="Robot 5.0.1 (Python 3.10.6 on win32)" generated="20220905 11:24:13.114" rpa="false" schemaversion="3">
<suite id="s1" name="Amazon Testes Gherkin" source="c:\ProjetosCursosUdemy\RobotFramework\Web Testing\amazon_testes_gherkin.robot">
<test id="s1-t1" name="Caso de Teste #4 - Remover Produto do Carrinho" line="37">
<kw name="Abrir o navegador" library="amazon_resources" type="SETUP">
<kw name="Open Browser" library="SeleniumLibrary">
<arg>browser=Chrome</arg>
<doc>Opens a new browser instance to the optional ``url``.</doc>
<msg timestamp="20220905 11:24:13.332" level="INFO">Opening browser 'Chrome' to base url 'None'.</msg>
<status status="PASS" starttime="20220905 11:24:13.332" endtime="20220905 11:24:14.532"/>
</kw>
<kw name="Maximize Browser Window" library="SeleniumLibrary">
<doc>Maximizes current browser window.</doc>
<status status="PASS" starttime="20220905 11:24:14.532" endtime="20220905 11:24:14.661"/>
</kw>
<status status="PASS" starttime="20220905 11:24:13.332" endtime="20220905 11:24:14.662"/>
</kw>
<kw name="Dado que estou na home page da Amazon.com.br" library="amazon_resources">
<kw name="Acessar a home page do site Amazon.com.br" library="amazon_resources">
<kw name="Go To" library="SeleniumLibrary">
<arg>url=${URL}</arg>
<doc>Navigates the current browser window to the provided ``url``.</doc>
<msg timestamp="20220905 11:24:14.664" level="INFO">Opening url 'https://www.amazon.com.br/'</msg>
<status status="PASS" starttime="20220905 11:24:14.663" endtime="20220905 11:24:16.540"/>
</kw>
<kw name="Wait Until Element Is Visible" library="SeleniumLibrary">
<arg>locator=${MENU_PRINCIPAL}</arg>
<doc>Waits until the element ``locator`` is visible.</doc>
<status status="PASS" starttime="20220905 11:24:16.540" endtime="20220905 11:24:16.566"/>
</kw>
<status status="PASS" starttime="20220905 11:24:14.663" endtime="20220905 11:24:16.567"/>
</kw>
<status status="PASS" starttime="20220905 11:24:14.663" endtime="20220905 11:24:16.567"/>
</kw>
<kw name="E eu pesquiso pelo produto &quot;Xbox Series S&quot;" library="amazon_resources">
<kw name="Digitar o nome de produto &quot;Xbox Series S&quot; no campo de pesquisa" library="amazon_resources" sourcename="Digitar o nome de produto &quot;${PRODUTO}&quot; no campo de pesquisa">
<kw name="Wait Until Element Is Enabled" library="SeleniumLibrary">
<arg>locator=${SEARCH_BAR}</arg>
<doc>Waits until the element ``locator`` is enabled.</doc>
<status status="PASS" starttime="20220905 11:24:16.568" endtime="20220905 11:24:16.609"/>
</kw>
<kw name="Input Text" library="SeleniumLibrary">
<arg>locator=${SEARCH_BAR}</arg>
<arg>text=${PRODUTO}</arg>
<doc>Types the given ``text`` into the text field identified by ``locator``.</doc>
<msg timestamp="20220905 11:24:16.610" level="INFO">Typing text 'Xbox Series S' into text field 'id:twotabsearchtextbox'.</msg>
<status status="PASS" starttime="20220905 11:24:16.609" endtime="20220905 11:24:16.750"/>
</kw>
<status status="PASS" starttime="20220905 11:24:16.568" endtime="20220905 11:24:16.750"/>
</kw>
<status status="PASS" starttime="20220905 11:24:16.567" endtime="20220905 11:24:16.750"/>
</kw>
<kw name="E o título da página deve ficar &quot;Amazon.com.br : Xbox Series S&quot;" library="amazon_resources">
<kw name="Clicar no botão de pesquisa" library="amazon_resources">
<kw name="Element Should Be Enabled" library="SeleniumLibrary">
<arg>locator=${SUBMIT_SEARCH}</arg>
<doc>Verifies that element identified by ``locator`` is enabled.</doc>
<status status="PASS" starttime="20220905 11:24:16.752" endtime="20220905 11:24:16.786"/>
</kw>
<kw name="Click Element" library="SeleniumLibrary">
<arg>locator=${SUBMIT_SEARCH}</arg>
<doc>Click the element identified by ``locator``.</doc>
<msg timestamp="20220905 11:24:16.786" level="INFO">Clicking element 'id:nav-search-submit-button'.</msg>
<status status="PASS" starttime="20220905 11:24:16.786" endtime="20220905 11:24:16.879"/>
</kw>
<status status="PASS" starttime="20220905 11:24:16.751" endtime="20220905 11:24:16.880"/>
</kw>
<status status="PASS" starttime="20220905 11:24:16.751" endtime="20220905 11:24:16.880"/>
</kw>
<kw name="E um produto da linha &quot;Xbox Series S&quot; deve ser mostrado na página" library="amazon_resources">
<kw name="Verificar o resultado da pesquisa, se listando o &quot;Xbox Series S&quot; pesquisado" library="amazon_resources" sourcename="Verificar o resultado da pesquisa, se listando o &quot;${PRODUTO}&quot; pesquisado">
<kw name="Wait Until Page Contains" library="SeleniumLibrary">
<arg>text=${PRODUTO}</arg>
<doc>Waits until ``text`` appears on the current page.</doc>
<status status="PASS" starttime="20220905 11:24:16.881" endtime="20220905 11:24:17.296"/>
</kw>
<kw name="Page Should Contain" library="SeleniumLibrary">
<arg>text=${PRODUTO}</arg>
<doc>Verifies that current page contains ``text``.</doc>
<msg timestamp="20220905 11:24:17.309" level="INFO">Current page contains text 'Xbox Series S'.</msg>
<status status="PASS" starttime="20220905 11:24:17.296" endtime="20220905 11:24:17.309"/>
</kw>
<kw name="Title Should Be" library="SeleniumLibrary">
<arg>title=Amazon.com.br : ${PRODUTO}</arg>
<doc>Verifies that the current page title equals ``title``.</doc>
<msg timestamp="20220905 11:24:17.314" level="INFO">Page title is 'Amazon.com.br : Xbox Series S'.</msg>
<status status="PASS" starttime="20220905 11:24:17.309" endtime="20220905 11:24:17.314"/>
</kw>
<status status="PASS" starttime="20220905 11:24:16.881" endtime="20220905 11:24:17.315"/>
</kw>
<status status="PASS" starttime="20220905 11:24:16.881" endtime="20220905 11:24:17.315"/>
</kw>
<kw name="E eu adiciono &quot;Xbox Series S&quot; ao carrinho" library="amazon_resources">
<kw name="Adicionar o produto &quot;Console Xbox Series S&quot; no carrinho" library="amazon_resources" sourcename="Adicionar o produto &quot;${PRODUTO}&quot; no carrinho">
<kw name="Wait Until Element Is Enabled" library="SeleniumLibrary">
<arg>//img[contains(@alt,'${PRODUTO}')]</arg>
<doc>Waits until the element ``locator`` is enabled.</doc>
<status status="PASS" starttime="20220905 11:24:17.316" endtime="20220905 11:24:17.802"/>
</kw>
<kw name="Click Element" library="SeleniumLibrary">
<arg>//img[contains(@alt,'${PRODUTO}')]</arg>
<doc>Click the element identified by ``locator``.</doc>
<msg timestamp="20220905 11:24:17.802" level="INFO">Clicking element '//img[contains(@alt,'Console Xbox Series S')]'.</msg>
<status status="PASS" starttime="20220905 11:24:17.802" endtime="20220905 11:24:20.497"/>
</kw>
<kw name="Wait Until Element Is Enabled" library="SeleniumLibrary">
<arg>locator=${ADD_TO_CART}</arg>
<doc>Waits until the element ``locator`` is enabled.</doc>
<status status="PASS" starttime="20220905 11:24:20.498" endtime="20220905 11:24:20.523"/>
</kw>
<kw name="Click Element" library="SeleniumLibrary">
<arg>locator=${ADD_TO_CART}</arg>
<doc>Click the element identified by ``locator``.</doc>
<msg timestamp="20220905 11:24:20.523" level="INFO">Clicking element 'id:add-to-cart-button'.</msg>
<status status="PASS" starttime="20220905 11:24:20.523" endtime="20220905 11:24:22.584"/>
</kw>
<status status="PASS" starttime="20220905 11:24:17.315" endtime="20220905 11:24:22.585"/>
</kw>
<status status="PASS" starttime="20220905 11:24:17.315" endtime="20220905 11:24:22.585"/>
</kw>
<kw name="E a página confirmará que &quot;Xbox Series S&quot; foi adicionado com sucesso" library="amazon_resources">
<kw name="Verificar se o produto &quot;Console Xbox Series S&quot; foi adicionado com sucesso" library="amazon_resources" sourcename="Verificar se o produto &quot;${PRODUTO}&quot; foi adicionado com sucesso">
<kw name="Wait Until Page Contains" library="SeleniumLibrary">
<arg>Adicionado ao carrinho</arg>
<doc>Waits until ``text`` appears on the current page.</doc>
<status status="PASS" starttime="20220905 11:24:22.587" endtime="20220905 11:24:22.607"/>
</kw>
<kw name="Page Should Contain" library="SeleniumLibrary">
<arg>Adicionado ao carrinho</arg>
<doc>Verifies that current page contains ``text``.</doc>
<msg timestamp="20220905 11:24:22.625" level="INFO">Current page contains text 'Adicionado ao carrinho'.</msg>
<status status="PASS" starttime="20220905 11:24:22.607" endtime="20220905 11:24:22.625"/>
</kw>
<status status="PASS" starttime="20220905 11:24:22.586" endtime="20220905 11:24:22.625"/>
</kw>
<status status="PASS" starttime="20220905 11:24:22.586" endtime="20220905 11:24:22.625"/>
</kw>
<kw name="Quando eu excluir o produto do meu carrinho" library="amazon_resources">
<kw name="Remover o produto &quot;Console Xbox Series S&quot; do carrinho" library="amazon_resources" sourcename="Remover o produto &quot;${PRODUTO}&quot; do carrinho">
<kw name="Element Should Be Enabled" library="SeleniumLibrary">
<arg>locator=${CART}</arg>
<doc>Verifies that element identified by ``locator`` is enabled.</doc>
<status status="PASS" starttime="20220905 11:24:22.627" endtime="20220905 11:24:22.667"/>
</kw>
<kw name="Click Element" library="SeleniumLibrary">
<arg>locator=${CART}</arg>
<doc>Click the element identified by ``locator``.</doc>
<msg timestamp="20220905 11:24:22.668" level="INFO">Clicking element 'id:nav-cart'.</msg>
<status status="PASS" starttime="20220905 11:24:22.668" endtime="20220905 11:24:23.945"/>
</kw>
<kw name="Element Should Be Enabled" library="SeleniumLibrary">
<arg>//input[contains(@aria-label,'Excluir ${PRODUTO}')]</arg>
<doc>Verifies that element identified by ``locator`` is enabled.</doc>
<status status="PASS" starttime="20220905 11:24:23.945" endtime="20220905 11:24:23.983"/>
</kw>
<kw name="Click Element" library="SeleniumLibrary">
<arg>//input[contains(@aria-label,'Excluir ${PRODUTO}')]</arg>
<doc>Click the element identified by ``locator``.</doc>
<msg timestamp="20220905 11:24:23.983" level="INFO">Clicking element '//input[contains(@aria-label,'Excluir Console Xbox Series S')]'.</msg>
<status status="PASS" starttime="20220905 11:24:23.983" endtime="20220905 11:24:24.073"/>
</kw>
<status status="PASS" starttime="20220905 11:24:22.626" endtime="20220905 11:24:24.074"/>
</kw>
<status status="PASS" starttime="20220905 11:24:22.626" endtime="20220905 11:24:24.074"/>
</kw>
<kw name="Então a mensagem &quot;Seu carrinho de compras da Amazon está vazio.&quot; aparecerá" library="amazon_resources" sourcename="Então a mensagem &quot;${MENSAGEM}&quot; aparecerá">
<kw name="Wait Until Page Contains" library="SeleniumLibrary">
<arg>text=${MENSAGEM}</arg>
<doc>Waits until ``text`` appears on the current page.</doc>
<status status="PASS" starttime="20220905 11:24:24.075" endtime="20220905 11:24:24.528"/>
</kw>
<kw name="Page Should Contain" library="SeleniumLibrary">
<arg>text=${MENSAGEM}</arg>
<doc>Verifies that current page contains ``text``.</doc>
<msg timestamp="20220905 11:24:24.539" level="INFO">Current page contains text 'Seu carrinho de compras da Amazon está vazio.'.</msg>
<status status="PASS" starttime="20220905 11:24:24.528" endtime="20220905 11:24:24.539"/>
</kw>
<status status="PASS" starttime="20220905 11:24:24.075" endtime="20220905 11:24:24.539"/>
</kw>
<kw name="Fechar o navegador" library="amazon_resources" type="TEARDOWN">
<kw name="Capture Page Screenshot" library="SeleniumLibrary">
<doc>Takes a screenshot of the current page and embeds it into a log file.</doc>
<msg timestamp="20220905 11:24:24.641" level="INFO" html="true">&lt;/td&gt;&lt;/tr&gt;&lt;tr&gt;&lt;td colspan="3"&gt;&lt;a href="selenium-screenshot-6.png"&gt;&lt;img src="selenium-screenshot-6.png" width="800px"&gt;&lt;/a&gt;</msg>
<status status="PASS" starttime="20220905 11:24:24.540" endtime="20220905 11:24:24.641"/>
</kw>
<kw name="Close Browser" library="SeleniumLibrary">
<doc>Closes the current browser.</doc>
<status status="PASS" starttime="20220905 11:24:24.641" endtime="20220905 11:24:26.751"/>
</kw>
<status status="PASS" starttime="20220905 11:24:24.540" endtime="20220905 11:24:26.752"/>
</kw>
<doc>Esse teste verifica a remoção de um produto no carrinho de compras</doc>
<tag>remover_carrinho</tag>
<status status="PASS" starttime="20220905 11:24:13.331" endtime="20220905 11:24:26.753"/>
</test>
<doc>Essa suite testa o site da Amazon.com.br</doc>
<status status="PASS" starttime="20220905 11:24:13.120" endtime="20220905 11:24:26.755"/>
</suite>
<statistics>
<total>
<stat pass="1" fail="0" skip="0">All Tests</stat>
</total>
<tag>
<stat pass="1" fail="0" skip="0">remover_carrinho</stat>
</tag>
<suite>
<stat pass="1" fail="0" skip="0" id="s1" name="Amazon Testes Gherkin">Amazon Testes Gherkin</stat>
</suite>
</statistics>
<errors>
</errors>
</robot>
